1.4376 	WARNING 	We strongly recommend you activate the PTB sound engine in PsychoPy prefs as the preferred audio engine. Its timing is vastly superior. Your prefs are currently set to use ['sounddevice', 'PTB', 'pyo', 'pygame'] (in that order).
32.9981 	WARNING 	User requested fullscreen with size [1024  768], but screen is actually [1440, 900]. Using actual size
33.6799 	EXP 	Created window1 = Window(allowGUI=True, allowStencil=False, autoLog=True, backendConf=UNKNOWN, bitsMode=UNKNOWN, blendMode='avg', bpc=(8, 8, 8), color=array([0, 0, 0]), colorSpace='rgb', depthBits=8, fullscr=<method-wrapper '__getattribute__' of attributeSetter object at 0x7fe393c57580>, gamma=None, gammaErrorPolicy='raise', lms=UNKNOWN, monitor=<psychopy.monitors.calibTools.Monitor object at 0x7fe33c833970>, multiSample=False, name='window1', numSamples=2, pos=[360.0, 225.0], screen=0, size=array([2880, 1800]), stencilBits=0, stereo=False, units='height', useFBO=True, useRetina=True, viewOri=0.0, viewPos=None, viewScale=None, waitBlanking=True, winType='pyglet')
33.6803 	EXP 	window1: mouseVisible = True
33.6812 	EXP 	window1: mouseVisible = False
33.6812 	EXP 	window1: Attempting to measure frame rate of screen (0) ...
33.6812 	EXP 	window1: recordFrameIntervals = False
33.8453 	EXP 	window1: recordFrameIntervals = True
34.0287 	EXP 	Screen (0) actual frame rate measured at 60.17Hz
34.0288 	EXP 	window1: recordFrameIntervals = False
35.9391 	EXP 	Created fixation = ShapeStim(__class__=<class 'psychopy.visual.shape.ShapeStim'>, anchor=('center', 'center'), autoDraw=False, autoLog=True, closeShape=True, color=method-wrapper(...), colorSpace='rgb', contrast=None, depth=0.0, fillColor=array([1, 1, 1]), fillColorSpace='rgb', fillRGB=array([1, 1, 1]), interpolate=True, lineColor=array([1, 1, 1]), lineColorSpace='rgb', lineRGB=array([1, 1, 1]), lineWidth=1.0, name='fixation', opacity=1.0, ori=0.0, pos=array([0., 0.]), size=array([10., 10.]), units='pix', vertices=ndarray(...), win=Window(...), windingRule=None)
35.9458 	EXP 	Created grating = GratingStim(__class__=<class 'psychopy.visual.grating.GratingStim'>, anchor='center', autoDraw=False, autoLog=True, blendmode='avg', color=array([0.3, 0.3, 0.3]), colorSpace='rgb', contrast=0.3, depth=-1.0, interpolate=True, mask='gauss', maskParams=None, name='grating', opacity=1.0, ori=1.0, phase=array([0., 0.]), pos=array([0., 0.]), rgbPedestal=array([0., 0., 0.]), sf=array([5., 5.]), size=array([0.2, 0.2]), tex='sin', texRes=128.0, units='height', win=Window(...))
35.9488 	EXP 	Created sequence: random, trialTypes=1, nReps=101, seed=None
35.9492 	EXP 	New trial (rep=0, index=0): None
35.9692 	EXP 	grating: ori = 2.0
35.9692 	EXP 	fixation: autoDraw = True
36.9755 	EXP 	grating: autoDraw = True
36.9755 	EXP 	grating: tex = 'sin'
36.9810 	EXP 	fixation: autoDraw = False
37.2775 	EXP 	grating: autoDraw = False
37.8538 	EXP 	New trial (rep=1, index=0): None
37.9709 	DATA 	Keypress: down
37.9758 	EXP 	fixation: autoDraw = False
37.9758 	EXP 	grating: autoDraw = False
37.9758 	EXP 	grating: ori = 1.0
37.9758 	EXP 	fixation: autoDraw = True
38.8610 	EXP 	grating: autoDraw = True
38.9775 	EXP 	fixation: autoDraw = False
39.1610 	EXP 	grating: autoDraw = False
40.2817 	EXP 	New trial (rep=2, index=0): None
40.3004 	DATA 	Keypress: down
40.3054 	EXP 	fixation: autoDraw = False
40.3054 	EXP 	grating: autoDraw = False
40.3054 	EXP 	grating: ori = 0.0
40.3054 	EXP 	fixation: autoDraw = True
41.2949 	EXP 	grating: autoDraw = True
41.3110 	EXP 	fixation: autoDraw = False
41.5947 	EXP 	grating: autoDraw = False
42.2660 	EXP 	New trial (rep=3, index=0): None
42.2689 	DATA 	Keypress: down
42.2779 	EXP 	fixation: autoDraw = False
42.2779 	EXP 	grating: autoDraw = False
42.2779 	EXP 	grating: ori = 2.0
42.2779 	EXP 	fixation: autoDraw = True
43.2775 	EXP 	fixation: autoDraw = False
43.2775 	EXP 	grating: autoDraw = True
43.5784 	EXP 	grating: autoDraw = False
44.3663 	EXP 	New trial (rep=4, index=0): None
44.3691 	DATA 	Keypress: down
44.3779 	EXP 	fixation: autoDraw = False
44.3779 	EXP 	grating: autoDraw = False
44.3779 	EXP 	grating: ori = 0.0
44.3779 	EXP 	fixation: autoDraw = True
45.3786 	EXP 	fixation: autoDraw = False
45.3786 	EXP 	grating: autoDraw = True
45.6950 	EXP 	grating: autoDraw = False
46.1820 	EXP 	New trial (rep=5, index=0): None
46.1848 	DATA 	Keypress: up
46.1943 	EXP 	fixation: autoDraw = False
46.1943 	EXP 	grating: autoDraw = False
46.1943 	EXP 	grating: ori = 3.0
46.1943 	EXP 	fixation: autoDraw = True
47.1949 	EXP 	fixation: autoDraw = False
47.1949 	EXP 	grating: autoDraw = True
47.4950 	EXP 	grating: autoDraw = False
48.1490 	EXP 	New trial (rep=6, index=0): None
48.1518 	DATA 	Keypress: down
48.1608 	EXP 	fixation: autoDraw = False
48.1608 	EXP 	grating: autoDraw = False
48.1608 	EXP 	grating: ori = 0.0
48.1608 	EXP 	fixation: autoDraw = True
49.1615 	EXP 	fixation: autoDraw = False
49.1615 	EXP 	grating: autoDraw = True
49.4612 	EXP 	grating: autoDraw = False
50.1323 	EXP 	New trial (rep=7, index=0): None
50.1350 	DATA 	Keypress: up
50.1442 	EXP 	fixation: autoDraw = False
50.1442 	EXP 	grating: autoDraw = False
50.1442 	EXP 	grating: ori = 0.0
50.1442 	EXP 	fixation: autoDraw = True
51.1444 	EXP 	fixation: autoDraw = False
51.1444 	EXP 	grating: autoDraw = True
51.4444 	EXP 	grating: autoDraw = False
52.0987 	EXP 	New trial (rep=8, index=0): None
52.1016 	DATA 	Keypress: up
52.1114 	EXP 	fixation: autoDraw = False
52.1114 	EXP 	grating: autoDraw = False
52.1114 	EXP 	grating: ori = 0.0
52.1114 	EXP 	fixation: autoDraw = True
53.1109 	EXP 	fixation: autoDraw = False
53.1109 	EXP 	grating: autoDraw = True
53.4109 	EXP 	grating: autoDraw = False
53.8658 	EXP 	New trial (rep=9, index=0): None
53.8685 	DATA 	Keypress: up
53.8782 	EXP 	fixation: autoDraw = False
53.8782 	EXP 	grating: autoDraw = False
53.8782 	EXP 	grating: ori = -3.0
53.8782 	EXP 	fixation: autoDraw = True
54.8781 	EXP 	fixation: autoDraw = False
54.8781 	EXP 	grating: autoDraw = True
55.1779 	EXP 	grating: autoDraw = False
55.9321 	EXP 	New trial (rep=10, index=0): None
55.9350 	DATA 	Keypress: up
55.9447 	EXP 	fixation: autoDraw = False
55.9447 	EXP 	grating: autoDraw = False
55.9447 	EXP 	grating: ori = 0.0
55.9447 	EXP 	fixation: autoDraw = True
56.9451 	EXP 	fixation: autoDraw = False
56.9451 	EXP 	grating: autoDraw = True
57.2457 	EXP 	grating: autoDraw = False
58.4494 	EXP 	New trial (rep=11, index=0): None
58.4524 	DATA 	Keypress: down
58.4613 	EXP 	fixation: autoDraw = False
58.4613 	EXP 	grating: autoDraw = False
58.4613 	EXP 	grating: ori = 0.0
58.4613 	EXP 	fixation: autoDraw = True
59.4615 	EXP 	fixation: autoDraw = False
59.4615 	EXP 	grating: autoDraw = True
59.7621 	EXP 	grating: autoDraw = False
60.4497 	EXP 	New trial (rep=12, index=0): None
60.4526 	DATA 	Keypress: up
60.4614 	EXP 	fixation: autoDraw = False
60.4614 	EXP 	grating: autoDraw = False
60.4614 	EXP 	grating: ori = 0.0
60.4614 	EXP 	fixation: autoDraw = True
61.4617 	EXP 	fixation: autoDraw = False
61.4617 	EXP 	grating: autoDraw = True
61.7625 	EXP 	grating: autoDraw = False
62.7158 	EXP 	New trial (rep=13, index=0): None
62.7186 	DATA 	Keypress: up
62.7281 	EXP 	fixation: autoDraw = False
62.7281 	EXP 	grating: autoDraw = False
62.7281 	EXP 	grating: ori = 0.0
62.7281 	EXP 	fixation: autoDraw = True
63.7284 	EXP 	fixation: autoDraw = False
63.7284 	EXP 	grating: autoDraw = True
64.0285 	EXP 	grating: autoDraw = False
64.4169 	EXP 	New trial (rep=14, index=0): None
64.4196 	DATA 	Keypress: up
64.4283 	EXP 	fixation: autoDraw = False
64.4283 	EXP 	grating: autoDraw = False
64.4283 	EXP 	grating: ori = 0.0
64.4283 	EXP 	fixation: autoDraw = True
65.4289 	EXP 	fixation: autoDraw = False
65.4289 	EXP 	grating: autoDraw = True
65.7280 	EXP 	grating: autoDraw = False
66.4999 	EXP 	New trial (rep=15, index=0): None
66.5028 	DATA 	Keypress: up
66.5118 	EXP 	fixation: autoDraw = False
66.5118 	EXP 	grating: autoDraw = False
66.5118 	EXP 	grating: ori = 0.0
66.5118 	EXP 	fixation: autoDraw = True
67.5114 	EXP 	fixation: autoDraw = False
67.5114 	EXP 	grating: autoDraw = True
67.8119 	EXP 	grating: autoDraw = False
68.5321 	EXP 	New trial (rep=16, index=0): None
68.5350 	DATA 	Keypress: up
68.5448 	EXP 	fixation: autoDraw = False
68.5448 	EXP 	grating: autoDraw = False
68.5448 	EXP 	grating: ori = 0.0
68.5448 	EXP 	fixation: autoDraw = True
69.5446 	EXP 	fixation: autoDraw = False
69.5446 	EXP 	grating: autoDraw = True
69.8446 	EXP 	grating: autoDraw = False
70.1339 	EXP 	New trial (rep=17, index=0): None
70.1366 	DATA 	Keypress: up
70.1444 	EXP 	fixation: autoDraw = False
70.1444 	EXP 	grating: autoDraw = False
70.1444 	EXP 	grating: ori = 0.0
70.1444 	EXP 	fixation: autoDraw = True
71.1462 	EXP 	fixation: autoDraw = False
71.1462 	EXP 	grating: autoDraw = True
71.4614 	EXP 	grating: autoDraw = False
71.8992 	EXP 	New trial (rep=18, index=0): None
71.9019 	DATA 	Keypress: up
71.9119 	EXP 	fixation: autoDraw = False
71.9119 	EXP 	grating: autoDraw = False
71.9119 	EXP 	grating: ori = 0.0
71.9119 	EXP 	fixation: autoDraw = True
72.9114 	EXP 	fixation: autoDraw = False
72.9114 	EXP 	grating: autoDraw = True
73.2124 	EXP 	grating: autoDraw = False
73.4992 	EXP 	New trial (rep=19, index=0): None
73.5021 	DATA 	Keypress: up
73.5120 	EXP 	fixation: autoDraw = False
73.5120 	EXP 	grating: autoDraw = False
73.5120 	EXP 	grating: ori = 0.0
73.5120 	EXP 	fixation: autoDraw = True
74.5123 	EXP 	fixation: autoDraw = False
74.5123 	EXP 	grating: autoDraw = True
74.8120 	EXP 	grating: autoDraw = False
75.0338 	EXP 	New trial (rep=20, index=0): None
75.0366 	DATA 	Keypress: up
75.0454 	EXP 	fixation: autoDraw = False
75.0454 	EXP 	grating: autoDraw = False
75.0454 	EXP 	grating: ori = 0.0
75.0454 	EXP 	fixation: autoDraw = True
76.0452 	EXP 	fixation: autoDraw = False
76.0452 	EXP 	grating: autoDraw = True
76.3452 	EXP 	grating: autoDraw = False
76.5157 	EXP 	New trial (rep=21, index=0): None
76.5184 	DATA 	Keypress: up
76.5290 	EXP 	fixation: autoDraw = False
76.5290 	EXP 	grating: autoDraw = False
76.5290 	EXP 	grating: ori = -1.0
76.5290 	EXP 	fixation: autoDraw = True
77.5289 	EXP 	fixation: autoDraw = False
77.5289 	EXP 	grating: autoDraw = True
77.8289 	EXP 	grating: autoDraw = False
78.3495 	EXP 	New trial (rep=22, index=0): None
78.3523 	DATA 	Keypress: down
78.3617 	EXP 	fixation: autoDraw = False
78.3617 	EXP 	grating: autoDraw = False
78.3617 	EXP 	grating: ori = 0.0
78.3617 	EXP 	fixation: autoDraw = True
79.3620 	EXP 	fixation: autoDraw = False
79.3620 	EXP 	grating: autoDraw = True
79.6620 	EXP 	grating: autoDraw = False
80.6169 	EXP 	New trial (rep=23, index=0): None
80.6196 	DATA 	Keypress: up
80.6289 	EXP 	fixation: autoDraw = False
80.6289 	EXP 	grating: autoDraw = False
80.6289 	EXP 	grating: ori = 0.0
80.6289 	EXP 	fixation: autoDraw = True
81.6288 	EXP 	fixation: autoDraw = False
81.6288 	EXP 	grating: autoDraw = True
81.9285 	EXP 	grating: autoDraw = False
83.3327 	EXP 	New trial (rep=24, index=0): None
83.3356 	DATA 	Keypress: up
83.3456 	EXP 	fixation: autoDraw = False
83.3456 	EXP 	grating: autoDraw = False
83.3456 	EXP 	grating: ori = 0.0
83.3456 	EXP 	fixation: autoDraw = True
84.3450 	EXP 	fixation: autoDraw = False
84.3450 	EXP 	grating: autoDraw = True
84.6459 	EXP 	grating: autoDraw = False
87.3671 	EXP 	New trial (rep=25, index=0): None
87.3698 	DATA 	Keypress: down
87.3790 	EXP 	fixation: autoDraw = False
87.3790 	EXP 	grating: autoDraw = False
87.3790 	EXP 	grating: ori = 0.0
87.3790 	EXP 	fixation: autoDraw = True
88.3785 	EXP 	fixation: autoDraw = False
88.3785 	EXP 	grating: autoDraw = True
88.6793 	EXP 	grating: autoDraw = False
89.2834 	EXP 	New trial (rep=26, index=0): None
89.2862 	DATA 	Keypress: up
89.2955 	EXP 	fixation: autoDraw = False
89.2955 	EXP 	grating: autoDraw = False
89.2955 	EXP 	grating: ori = 0.0
89.2955 	EXP 	fixation: autoDraw = True
90.3155 	EXP 	fixation: autoDraw = False
90.3155 	EXP 	grating: autoDraw = True
90.6293 	EXP 	grating: autoDraw = False
91.2329 	EXP 	New trial (rep=27, index=0): None
91.2358 	DATA 	Keypress: up
91.2455 	EXP 	fixation: autoDraw = False
91.2455 	EXP 	grating: autoDraw = False
91.2455 	EXP 	grating: ori = 0.0
91.2455 	EXP 	fixation: autoDraw = True
92.2456 	EXP 	fixation: autoDraw = False
92.2456 	EXP 	grating: autoDraw = True
92.5450 	EXP 	grating: autoDraw = False
92.9330 	EXP 	New trial (rep=28, index=0): None
92.9359 	DATA 	Keypress: up
92.9452 	EXP 	fixation: autoDraw = False
92.9452 	EXP 	grating: autoDraw = False
92.9452 	EXP 	grating: ori = 0.0
92.9452 	EXP 	fixation: autoDraw = True
93.9453 	EXP 	fixation: autoDraw = False
93.9453 	EXP 	grating: autoDraw = True
94.2457 	EXP 	grating: autoDraw = False
95.2006 	EXP 	New trial (rep=29, index=0): None
95.2035 	DATA 	Keypress: down
95.2116 	EXP 	fixation: autoDraw = False
95.2116 	EXP 	grating: autoDraw = False
95.2116 	EXP 	grating: ori = 1.0
95.2116 	EXP 	fixation: autoDraw = True
96.2127 	EXP 	fixation: autoDraw = False
96.2127 	EXP 	grating: autoDraw = True
96.5122 	EXP 	grating: autoDraw = False
96.9825 	EXP 	New trial (rep=30, index=0): None
96.9853 	DATA 	Keypress: up
96.9959 	EXP 	fixation: autoDraw = False
96.9959 	EXP 	grating: autoDraw = False
96.9959 	EXP 	grating: ori = 0.0
96.9959 	EXP 	fixation: autoDraw = True
97.9955 	EXP 	fixation: autoDraw = False
97.9955 	EXP 	grating: autoDraw = True
98.2955 	EXP 	grating: autoDraw = False
98.6498 	EXP 	New trial (rep=31, index=0): None
98.6525 	DATA 	Keypress: down
98.6618 	EXP 	fixation: autoDraw = False
98.6618 	EXP 	grating: autoDraw = False
98.6618 	EXP 	grating: ori = 0.0
98.6618 	EXP 	fixation: autoDraw = True
99.6619 	EXP 	fixation: autoDraw = False
99.6619 	EXP 	grating: autoDraw = True
99.9623 	EXP 	grating: autoDraw = False
100.6997 	EXP 	New trial (rep=32, index=0): None
100.7025 	DATA 	Keypress: down
100.7124 	EXP 	fixation: autoDraw = False
100.7124 	EXP 	grating: autoDraw = False
100.7124 	EXP 	grating: ori = 0.0
100.7124 	EXP 	fixation: autoDraw = True
101.7124 	EXP 	fixation: autoDraw = False
101.7124 	EXP 	grating: autoDraw = True
102.0129 	EXP 	grating: autoDraw = False
102.5493 	EXP 	New trial (rep=33, index=0): None
102.5520 	DATA 	Keypress: down
102.5623 	EXP 	fixation: autoDraw = False
102.5623 	EXP 	grating: autoDraw = False
102.5623 	EXP 	grating: ori = 0.0
102.5623 	EXP 	fixation: autoDraw = True
103.5621 	EXP 	fixation: autoDraw = False
103.5621 	EXP 	grating: autoDraw = True
103.8621 	EXP 	grating: autoDraw = False
104.8002 	EXP 	New trial (rep=34, index=0): None
104.8030 	DATA 	Keypress: down
104.8126 	EXP 	fixation: autoDraw = False
104.8126 	EXP 	grating: autoDraw = False
104.8126 	EXP 	grating: ori = 0.0
104.8126 	EXP 	fixation: autoDraw = True
105.8127 	EXP 	fixation: autoDraw = False
105.8127 	EXP 	grating: autoDraw = True
106.1129 	EXP 	grating: autoDraw = False
106.6498 	EXP 	New trial (rep=35, index=0): None
106.6525 	DATA 	Keypress: up
106.6624 	EXP 	fixation: autoDraw = False
106.6624 	EXP 	grating: autoDraw = False
106.6624 	EXP 	grating: ori = -2.0
106.6624 	EXP 	fixation: autoDraw = True
107.6629 	EXP 	fixation: autoDraw = False
107.6629 	EXP 	grating: autoDraw = True
107.9619 	EXP 	grating: autoDraw = False
108.4328 	EXP 	New trial (rep=36, index=0): None
108.4355 	DATA 	Keypress: down
108.4452 	EXP 	fixation: autoDraw = False
108.4452 	EXP 	grating: autoDraw = False
108.4452 	EXP 	grating: ori = 0.0
108.4452 	EXP 	fixation: autoDraw = True
109.4457 	EXP 	fixation: autoDraw = False
109.4457 	EXP 	grating: autoDraw = True
109.7455 	EXP 	grating: autoDraw = False
110.7671 	EXP 	New trial (rep=37, index=0): None
110.7699 	DATA 	Keypress: up
110.7791 	EXP 	fixation: autoDraw = False
110.7791 	EXP 	grating: autoDraw = False
110.7791 	EXP 	grating: ori = 0.0
110.7791 	EXP 	fixation: autoDraw = True
111.7786 	EXP 	fixation: autoDraw = False
111.7786 	EXP 	grating: autoDraw = True
112.0792 	EXP 	grating: autoDraw = False
112.5998 	EXP 	New trial (rep=38, index=0): None
112.6026 	DATA 	Keypress: up
112.6124 	EXP 	fixation: autoDraw = False
112.6124 	EXP 	grating: autoDraw = False
112.6124 	EXP 	grating: ori = 1.0
112.6124 	EXP 	fixation: autoDraw = True
113.6122 	EXP 	fixation: autoDraw = False
113.6122 	EXP 	grating: autoDraw = True
113.9120 	EXP 	grating: autoDraw = False
114.7999 	EXP 	New trial (rep=39, index=0): None
114.8026 	DATA 	Keypress: down
114.8127 	EXP 	fixation: autoDraw = False
114.8127 	EXP 	grating: autoDraw = False
114.8127 	EXP 	grating: ori = -4.0
114.8127 	EXP 	fixation: autoDraw = True
115.8122 	EXP 	fixation: autoDraw = False
115.8122 	EXP 	grating: autoDraw = True
116.1124 	EXP 	grating: autoDraw = False
116.3510 	EXP 	New trial (rep=40, index=0): None
116.3537 	DATA 	Keypress: down
116.3627 	EXP 	fixation: autoDraw = False
116.3627 	EXP 	grating: autoDraw = False
116.3627 	EXP 	grating: ori = 0.0
116.3627 	EXP 	fixation: autoDraw = True
117.3630 	EXP 	fixation: autoDraw = False
117.3630 	EXP 	grating: autoDraw = True
117.6624 	EXP 	grating: autoDraw = False
118.1672 	EXP 	New trial (rep=41, index=0): None
118.1699 	DATA 	Keypress: up
118.1791 	EXP 	fixation: autoDraw = False
118.1791 	EXP 	grating: autoDraw = False
118.1791 	EXP 	grating: ori = 0.0
118.1791 	EXP 	fixation: autoDraw = True
119.1795 	EXP 	fixation: autoDraw = False
119.1795 	EXP 	grating: autoDraw = True
119.4790 	EXP 	grating: autoDraw = False
119.9168 	EXP 	New trial (rep=42, index=0): None
119.9196 	DATA 	Keypress: up
119.9290 	EXP 	fixation: autoDraw = False
119.9290 	EXP 	grating: autoDraw = False
119.9290 	EXP 	grating: ori = 3.0
119.9290 	EXP 	fixation: autoDraw = True
120.9290 	EXP 	fixation: autoDraw = False
120.9290 	EXP 	grating: autoDraw = True
121.2294 	EXP 	grating: autoDraw = False
122.4495 	EXP 	New trial (rep=43, index=0): None
122.4523 	DATA 	Keypress: down
122.4622 	EXP 	fixation: autoDraw = False
122.4622 	EXP 	grating: autoDraw = False
122.4622 	EXP 	grating: ori = 0.0
122.4622 	EXP 	fixation: autoDraw = True
123.4623 	EXP 	fixation: autoDraw = False
123.4623 	EXP 	grating: autoDraw = True
123.7631 	EXP 	grating: autoDraw = False
124.2998 	EXP 	New trial (rep=44, index=0): None
124.3026 	DATA 	Keypress: up
124.3127 	EXP 	fixation: autoDraw = False
124.3127 	EXP 	grating: autoDraw = False
124.3127 	EXP 	grating: ori = 4.0
124.3127 	EXP 	fixation: autoDraw = True
125.3125 	EXP 	fixation: autoDraw = False
125.3125 	EXP 	grating: autoDraw = True
125.6128 	EXP 	grating: autoDraw = False
126.0341 	EXP 	New trial (rep=45, index=0): None
126.0370 	DATA 	Keypress: down
126.0458 	EXP 	fixation: autoDraw = False
126.0458 	EXP 	grating: autoDraw = False
126.0458 	EXP 	grating: ori = 4.0
126.0458 	EXP 	fixation: autoDraw = True
127.0459 	EXP 	fixation: autoDraw = False
127.0459 	EXP 	grating: autoDraw = True
127.3456 	EXP 	grating: autoDraw = False
127.7673 	EXP 	New trial (rep=46, index=0): None
127.7701 	DATA 	Keypress: down
127.7787 	EXP 	fixation: autoDraw = False
127.7787 	EXP 	grating: autoDraw = False
127.7787 	EXP 	grating: ori = -3.0
127.7787 	EXP 	fixation: autoDraw = True
128.7789 	EXP 	fixation: autoDraw = False
128.7789 	EXP 	grating: autoDraw = True
129.0790 	EXP 	grating: autoDraw = False
129.6167 	EXP 	New trial (rep=47, index=0): None
129.6195 	DATA 	Keypress: down
129.6296 	EXP 	fixation: autoDraw = False
129.6296 	EXP 	grating: autoDraw = False
129.6296 	EXP 	grating: ori = -3.0
129.6296 	EXP 	fixation: autoDraw = True
130.6291 	EXP 	fixation: autoDraw = False
130.6291 	EXP 	grating: autoDraw = True
130.9292 	EXP 	grating: autoDraw = False
131.2169 	EXP 	New trial (rep=48, index=0): None
131.2195 	DATA 	Keypress: down
131.2296 	EXP 	fixation: autoDraw = False
131.2296 	EXP 	grating: autoDraw = False
131.2296 	EXP 	grating: ori = 0.0
131.2296 	EXP 	fixation: autoDraw = True
132.2298 	EXP 	fixation: autoDraw = False
132.2298 	EXP 	grating: autoDraw = True
132.5292 	EXP 	grating: autoDraw = False
133.1176 	EXP 	New trial (rep=49, index=0): None
133.1203 	DATA 	Keypress: up
133.1292 	EXP 	fixation: autoDraw = False
133.1292 	EXP 	grating: autoDraw = False
133.1292 	EXP 	grating: ori = 4.0
133.1292 	EXP 	fixation: autoDraw = True
134.1294 	EXP 	fixation: autoDraw = False
134.1294 	EXP 	grating: autoDraw = True
134.4299 	EXP 	grating: autoDraw = False
134.8667 	EXP 	New trial (rep=50, index=0): None
134.8696 	DATA 	Keypress: down
134.8791 	EXP 	fixation: autoDraw = False
134.8791 	EXP 	grating: autoDraw = False
134.8791 	EXP 	grating: ori = -4.0
134.8791 	EXP 	fixation: autoDraw = True
135.8793 	EXP 	fixation: autoDraw = False
135.8793 	EXP 	grating: autoDraw = True
136.1791 	EXP 	grating: autoDraw = False
136.5339 	EXP 	New trial (rep=51, index=0): None
136.5367 	DATA 	Keypress: down
136.5461 	EXP 	fixation: autoDraw = False
136.5461 	EXP 	grating: autoDraw = False
136.5461 	EXP 	grating: ori = 0.0
136.5461 	EXP 	fixation: autoDraw = True
137.5460 	EXP 	fixation: autoDraw = False
137.5460 	EXP 	grating: autoDraw = True
137.8472 	EXP 	grating: autoDraw = False
138.3669 	EXP 	New trial (rep=52, index=0): None
138.3699 	DATA 	Keypress: up
138.3790 	EXP 	fixation: autoDraw = False
138.3790 	EXP 	grating: autoDraw = False
138.3790 	EXP 	grating: ori = 0.0
138.3790 	EXP 	fixation: autoDraw = True
139.3791 	EXP 	fixation: autoDraw = False
139.3791 	EXP 	grating: autoDraw = True
139.6792 	EXP 	grating: autoDraw = False
140.2503 	EXP 	New trial (rep=53, index=0): None
140.2531 	DATA 	Keypress: up
140.2628 	EXP 	fixation: autoDraw = False
140.2628 	EXP 	grating: autoDraw = False
140.2628 	EXP 	grating: ori = 0.0
140.2628 	EXP 	fixation: autoDraw = True
141.2628 	EXP 	fixation: autoDraw = False
141.2628 	EXP 	grating: autoDraw = True
141.5630 	EXP 	grating: autoDraw = False
142.0672 	EXP 	New trial (rep=54, index=0): None
142.0699 	DATA 	Keypress: up
142.0794 	EXP 	fixation: autoDraw = False
142.0794 	EXP 	grating: autoDraw = False
142.0794 	EXP 	grating: ori = -2.0
142.0794 	EXP 	fixation: autoDraw = True
143.0798 	EXP 	fixation: autoDraw = False
143.0798 	EXP 	grating: autoDraw = True
143.3797 	EXP 	grating: autoDraw = False
143.7672 	EXP 	New trial (rep=55, index=0): None
143.7700 	DATA 	Keypress: down
143.7792 	EXP 	fixation: autoDraw = False
143.7792 	EXP 	grating: autoDraw = False
143.7792 	EXP 	grating: ori = -5.0
143.7792 	EXP 	fixation: autoDraw = True
144.7799 	EXP 	fixation: autoDraw = False
144.7799 	EXP 	grating: autoDraw = True
145.0795 	EXP 	grating: autoDraw = False
145.3173 	EXP 	New trial (rep=56, index=0): None
145.3202 	DATA 	Keypress: down
145.3296 	EXP 	fixation: autoDraw = False
145.3296 	EXP 	grating: autoDraw = False
145.3296 	EXP 	grating: ori = 0.0
145.3296 	EXP 	fixation: autoDraw = True
146.3293 	EXP 	fixation: autoDraw = False
146.3293 	EXP 	grating: autoDraw = True
146.6297 	EXP 	grating: autoDraw = False
147.3509 	EXP 	New trial (rep=57, index=0): None
147.3536 	DATA 	Keypress: up
147.3629 	EXP 	fixation: autoDraw = False
147.3629 	EXP 	grating: autoDraw = False
147.3629 	EXP 	grating: ori = 1.0
147.3629 	EXP 	fixation: autoDraw = True
148.3631 	EXP 	fixation: autoDraw = False
148.3631 	EXP 	grating: autoDraw = True
148.6628 	EXP 	grating: autoDraw = False
149.0508 	EXP 	New trial (rep=58, index=0): None
149.0537 	DATA 	Keypress: up
149.0629 	EXP 	fixation: autoDraw = False
149.0629 	EXP 	grating: autoDraw = False
149.0629 	EXP 	grating: ori = 0.0
149.0629 	EXP 	fixation: autoDraw = True
150.0627 	EXP 	fixation: autoDraw = False
150.0627 	EXP 	grating: autoDraw = True
150.3631 	EXP 	grating: autoDraw = False
151.5515 	EXP 	New trial (rep=59, index=0): None
151.5542 	DATA 	Keypress: up
151.5631 	EXP 	fixation: autoDraw = False
151.5631 	EXP 	grating: autoDraw = False
151.5631 	EXP 	grating: ori = -2.0
151.5631 	EXP 	fixation: autoDraw = True
152.5630 	EXP 	fixation: autoDraw = False
152.5630 	EXP 	grating: autoDraw = True
152.8638 	EXP 	grating: autoDraw = False
153.2837 	EXP 	New trial (rep=60, index=0): None
153.2864 	DATA 	Keypress: up
153.2966 	EXP 	fixation: autoDraw = False
153.2966 	EXP 	grating: autoDraw = False
153.2966 	EXP 	grating: ori = 0.0
153.2966 	EXP 	fixation: autoDraw = True
154.2964 	EXP 	fixation: autoDraw = False
154.2964 	EXP 	grating: autoDraw = True
154.5961 	EXP 	grating: autoDraw = False
155.0847 	EXP 	New trial (rep=61, index=0): None
155.0875 	DATA 	Keypress: down
155.0962 	EXP 	fixation: autoDraw = False
155.0962 	EXP 	grating: autoDraw = False
155.0962 	EXP 	grating: ori = 0.0
155.0962 	EXP 	fixation: autoDraw = True
156.0961 	EXP 	fixation: autoDraw = False
156.0961 	EXP 	grating: autoDraw = True
156.3962 	EXP 	grating: autoDraw = False
157.1007 	EXP 	New trial (rep=62, index=0): None
157.1033 	DATA 	Keypress: up
157.1134 	EXP 	fixation: autoDraw = False
157.1134 	EXP 	grating: autoDraw = False
157.1134 	EXP 	grating: ori = -1.0
157.1134 	EXP 	fixation: autoDraw = True
158.1131 	EXP 	fixation: autoDraw = False
158.1131 	EXP 	grating: autoDraw = True
158.4130 	EXP 	grating: autoDraw = False
158.7839 	EXP 	New trial (rep=63, index=0): None
158.7867 	DATA 	Keypress: down
158.7960 	EXP 	fixation: autoDraw = False
158.7960 	EXP 	grating: autoDraw = False
158.7960 	EXP 	grating: ori = 0.0
158.7960 	EXP 	fixation: autoDraw = True
159.7966 	EXP 	fixation: autoDraw = False
159.7966 	EXP 	grating: autoDraw = True
160.0962 	EXP 	grating: autoDraw = False
160.4513 	EXP 	New trial (rep=64, index=0): None
160.4543 	DATA 	Keypress: down
160.4633 	EXP 	fixation: autoDraw = False
160.4633 	EXP 	grating: autoDraw = False
160.4633 	EXP 	grating: ori = 1.0
160.4633 	EXP 	fixation: autoDraw = True
161.4630 	EXP 	fixation: autoDraw = False
161.4630 	EXP 	grating: autoDraw = True
161.7630 	EXP 	grating: autoDraw = False
162.2342 	EXP 	New trial (rep=65, index=0): None
162.2370 	DATA 	Keypress: down
162.2463 	EXP 	fixation: autoDraw = False
162.2463 	EXP 	grating: autoDraw = False
162.2463 	EXP 	grating: ori = 0.0
162.2463 	EXP 	fixation: autoDraw = True
163.2466 	EXP 	fixation: autoDraw = False
163.2466 	EXP 	grating: autoDraw = True
163.5470 	EXP 	grating: autoDraw = False
163.7843 	EXP 	New trial (rep=66, index=0): None
163.7872 	DATA 	Keypress: down
163.7959 	EXP 	fixation: autoDraw = False
163.7959 	EXP 	grating: autoDraw = False
163.7959 	EXP 	grating: ori = 0.0
163.7959 	EXP 	fixation: autoDraw = True
164.7964 	EXP 	fixation: autoDraw = False
164.7964 	EXP 	grating: autoDraw = True
165.0965 	EXP 	grating: autoDraw = False
165.3510 	EXP 	New trial (rep=67, index=0): None
165.3537 	DATA 	Keypress: down
165.3633 	EXP 	fixation: autoDraw = False
165.3633 	EXP 	grating: autoDraw = False
165.3633 	EXP 	grating: ori = 0.0
165.3633 	EXP 	fixation: autoDraw = True
166.3631 	EXP 	fixation: autoDraw = False
166.3631 	EXP 	grating: autoDraw = True
166.6634 	EXP 	grating: autoDraw = False
166.8341 	EXP 	New trial (rep=68, index=0): None
166.8368 	DATA 	Keypress: down
166.8464 	EXP 	fixation: autoDraw = False
166.8464 	EXP 	grating: autoDraw = False
166.8464 	EXP 	grating: ori = 0.0
166.8464 	EXP 	fixation: autoDraw = True
167.8464 	EXP 	fixation: autoDraw = False
167.8464 	EXP 	grating: autoDraw = True
168.1464 	EXP 	grating: autoDraw = False
168.3841 	EXP 	New trial (rep=69, index=0): None
168.3867 	DATA 	Keypress: down
168.3964 	EXP 	fixation: autoDraw = False
168.3964 	EXP 	grating: autoDraw = False
168.3964 	EXP 	grating: ori = 0.0
168.3964 	EXP 	fixation: autoDraw = True
169.3965 	EXP 	fixation: autoDraw = False
169.3965 	EXP 	grating: autoDraw = True
169.6965 	EXP 	grating: autoDraw = False
170.2011 	EXP 	New trial (rep=70, index=0): None
170.2039 	DATA 	Keypress: down
170.2128 	EXP 	fixation: autoDraw = False
170.2128 	EXP 	grating: autoDraw = False
170.2128 	EXP 	grating: ori = 2.0
170.2128 	EXP 	fixation: autoDraw = True
171.2134 	EXP 	fixation: autoDraw = False
171.2134 	EXP 	grating: autoDraw = True
171.5132 	EXP 	grating: autoDraw = False
172.0177 	EXP 	New trial (rep=71, index=0): None
172.0205 	DATA 	Keypress: up
172.0297 	EXP 	fixation: autoDraw = False
172.0297 	EXP 	grating: autoDraw = False
172.0297 	EXP 	grating: ori = 4.0
172.0297 	EXP 	fixation: autoDraw = True
173.0295 	EXP 	fixation: autoDraw = False
173.0295 	EXP 	grating: autoDraw = True
173.3302 	EXP 	grating: autoDraw = False
173.9007 	EXP 	New trial (rep=72, index=0): None
173.9034 	DATA 	Keypress: down
173.9132 	EXP 	fixation: autoDraw = False
173.9132 	EXP 	grating: autoDraw = False
173.9132 	EXP 	grating: ori = 0.0
173.9132 	EXP 	fixation: autoDraw = True
174.9129 	EXP 	fixation: autoDraw = False
174.9129 	EXP 	grating: autoDraw = True
175.2133 	EXP 	grating: autoDraw = False
176.3012 	EXP 	New trial (rep=73, index=0): None
176.3040 	DATA 	Keypress: up
176.3133 	EXP 	fixation: autoDraw = False
176.3133 	EXP 	grating: autoDraw = False
176.3133 	EXP 	grating: ori = 0.0
176.3133 	EXP 	fixation: autoDraw = True
177.3131 	EXP 	fixation: autoDraw = False
177.3131 	EXP 	grating: autoDraw = True
177.6140 	EXP 	grating: autoDraw = False
178.4176 	EXP 	New trial (rep=74, index=0): None
178.4204 	DATA 	Keypress: down
178.4299 	EXP 	fixation: autoDraw = False
178.4299 	EXP 	grating: autoDraw = False
178.4299 	EXP 	grating: ori = -5.0
178.4299 	EXP 	fixation: autoDraw = True
179.4302 	EXP 	fixation: autoDraw = False
179.4302 	EXP 	grating: autoDraw = True
179.7302 	EXP 	grating: autoDraw = False
180.0507 	EXP 	New trial (rep=75, index=0): None
180.0535 	DATA 	Keypress: down
180.0631 	EXP 	fixation: autoDraw = False
180.0631 	EXP 	grating: autoDraw = False
180.0631 	EXP 	grating: ori = -4.0
180.0631 	EXP 	fixation: autoDraw = True
181.0634 	EXP 	fixation: autoDraw = False
181.0634 	EXP 	grating: autoDraw = True
181.3633 	EXP 	grating: autoDraw = False
181.5843 	EXP 	New trial (rep=76, index=0): None
181.5870 	DATA 	Keypress: down
181.5965 	EXP 	fixation: autoDraw = False
181.5965 	EXP 	grating: autoDraw = False
181.5965 	EXP 	grating: ori = -1.0
181.5965 	EXP 	fixation: autoDraw = True
182.5967 	EXP 	fixation: autoDraw = False
182.5967 	EXP 	grating: autoDraw = True
182.8971 	EXP 	grating: autoDraw = False
183.1849 	EXP 	New trial (rep=77, index=0): None
183.1878 	DATA 	Keypress: down
183.1969 	EXP 	fixation: autoDraw = False
183.1969 	EXP 	grating: autoDraw = False
183.1969 	EXP 	grating: ori = 0.0
183.1969 	EXP 	fixation: autoDraw = True
184.1967 	EXP 	fixation: autoDraw = False
184.1967 	EXP 	grating: autoDraw = True
184.4966 	EXP 	grating: autoDraw = False
185.2339 	EXP 	New trial (rep=78, index=0): None
185.2366 	DATA 	Keypress: down
185.2462 	EXP 	fixation: autoDraw = False
185.2462 	EXP 	grating: autoDraw = False
185.2462 	EXP 	grating: ori = 0.0
185.2462 	EXP 	fixation: autoDraw = True
186.2465 	EXP 	fixation: autoDraw = False
186.2465 	EXP 	grating: autoDraw = True
186.5467 	EXP 	grating: autoDraw = False
186.8516 	EXP 	New trial (rep=79, index=0): None
186.8544 	DATA 	Keypress: down
186.8631 	EXP 	fixation: autoDraw = False
186.8631 	EXP 	grating: autoDraw = False
186.8631 	EXP 	grating: ori = 4.0
186.8631 	EXP 	fixation: autoDraw = True
187.8632 	EXP 	fixation: autoDraw = False
187.8632 	EXP 	grating: autoDraw = True
188.1633 	EXP 	grating: autoDraw = False
188.7838 	EXP 	New trial (rep=80, index=0): None
188.7864 	DATA 	Keypress: down
188.7965 	EXP 	fixation: autoDraw = False
188.7965 	EXP 	grating: autoDraw = False
188.7965 	EXP 	grating: ori = 0.0
188.7965 	EXP 	fixation: autoDraw = True
189.7967 	EXP 	fixation: autoDraw = False
189.7967 	EXP 	grating: autoDraw = True
190.0964 	EXP 	grating: autoDraw = False
190.7340 	EXP 	New trial (rep=81, index=0): None
190.7366 	DATA 	Keypress: up
190.7467 	EXP 	fixation: autoDraw = False
190.7467 	EXP 	grating: autoDraw = False
190.7467 	EXP 	grating: ori = 0.0
190.7467 	EXP 	fixation: autoDraw = True
191.7474 	EXP 	fixation: autoDraw = False
191.7474 	EXP 	grating: autoDraw = True
192.0464 	EXP 	grating: autoDraw = False
192.4846 	EXP 	New trial (rep=82, index=0): None
192.4874 	DATA 	Keypress: down
192.4968 	EXP 	fixation: autoDraw = False
192.4968 	EXP 	grating: autoDraw = False
192.4968 	EXP 	grating: ori = -4.0
192.4968 	EXP 	fixation: autoDraw = True
193.4976 	EXP 	fixation: autoDraw = False
193.4976 	EXP 	grating: autoDraw = True
193.7968 	EXP 	grating: autoDraw = False
194.0340 	EXP 	New trial (rep=83, index=0): None
194.0367 	DATA 	Keypress: down
194.0470 	EXP 	fixation: autoDraw = False
194.0470 	EXP 	grating: autoDraw = False
194.0470 	EXP 	grating: ori = 0.0
194.0470 	EXP 	fixation: autoDraw = True
195.0470 	EXP 	fixation: autoDraw = False
195.0470 	EXP 	grating: autoDraw = True
195.3466 	EXP 	grating: autoDraw = False
195.9504 	EXP 	New trial (rep=84, index=0): None
195.9533 	DATA 	Keypress: up
195.9636 	EXP 	fixation: autoDraw = False
195.9636 	EXP 	grating: autoDraw = False
195.9636 	EXP 	grating: ori = 0.0
195.9636 	EXP 	fixation: autoDraw = True
196.9636 	EXP 	fixation: autoDraw = False
196.9636 	EXP 	grating: autoDraw = True
197.2635 	EXP 	grating: autoDraw = False
197.7515 	EXP 	New trial (rep=85, index=0): None
197.7541 	DATA 	Keypress: down
197.7635 	EXP 	fixation: autoDraw = False
197.7635 	EXP 	grating: autoDraw = False
197.7635 	EXP 	grating: ori = 0.0
197.7635 	EXP 	fixation: autoDraw = True
198.7641 	EXP 	fixation: autoDraw = False
198.7641 	EXP 	grating: autoDraw = True
199.0633 	EXP 	grating: autoDraw = False
199.3511 	EXP 	New trial (rep=86, index=0): None
199.3539 	DATA 	Keypress: down
199.3634 	EXP 	fixation: autoDraw = False
199.3634 	EXP 	grating: autoDraw = False
199.3634 	EXP 	grating: ori = -5.0
199.3634 	EXP 	fixation: autoDraw = True
200.3642 	EXP 	fixation: autoDraw = False
200.3642 	EXP 	grating: autoDraw = True
200.6640 	EXP 	grating: autoDraw = False
201.0010 	EXP 	New trial (rep=87, index=0): None
201.0037 	DATA 	Keypress: down
201.0137 	EXP 	fixation: autoDraw = False
201.0137 	EXP 	grating: autoDraw = False
201.0137 	EXP 	grating: ori = 0.0
201.0137 	EXP 	fixation: autoDraw = True
202.0133 	EXP 	fixation: autoDraw = False
202.0133 	EXP 	grating: autoDraw = True
202.3131 	EXP 	grating: autoDraw = False
202.7178 	EXP 	New trial (rep=88, index=0): None
202.7205 	DATA 	Keypress: up
202.7302 	EXP 	fixation: autoDraw = False
202.7302 	EXP 	grating: autoDraw = False
202.7302 	EXP 	grating: ori = 1.0
202.7302 	EXP 	fixation: autoDraw = True
203.7307 	EXP 	fixation: autoDraw = False
203.7307 	EXP 	grating: autoDraw = True
204.0303 	EXP 	grating: autoDraw = False
204.3680 	EXP 	New trial (rep=89, index=0): None
204.3708 	DATA 	Keypress: up
204.3799 	EXP 	fixation: autoDraw = False
204.3799 	EXP 	grating: autoDraw = False
204.3799 	EXP 	grating: ori = 4.0
204.3799 	EXP 	fixation: autoDraw = True
205.3798 	EXP 	fixation: autoDraw = False
205.3798 	EXP 	grating: autoDraw = True
205.6811 	EXP 	grating: autoDraw = False
206.2177 	EXP 	New trial (rep=90, index=0): None
206.2204 	DATA 	Keypress: down
206.2303 	EXP 	fixation: autoDraw = False
206.2303 	EXP 	grating: autoDraw = False
206.2303 	EXP 	grating: ori = 2.0
206.2303 	EXP 	fixation: autoDraw = True
207.2304 	EXP 	fixation: autoDraw = False
207.2304 	EXP 	grating: autoDraw = True
207.5305 	EXP 	grating: autoDraw = False
208.0349 	EXP 	New trial (rep=91, index=0): None
208.0377 	DATA 	Keypress: up
208.0473 	EXP 	fixation: autoDraw = False
208.0473 	EXP 	grating: autoDraw = False
208.0473 	EXP 	grating: ori = 2.0
208.0473 	EXP 	fixation: autoDraw = True
209.0469 	EXP 	fixation: autoDraw = False
209.0469 	EXP 	grating: autoDraw = True
209.3467 	EXP 	grating: autoDraw = False
209.6844 	EXP 	New trial (rep=92, index=0): None
209.6873 	DATA 	Keypress: up
209.6968 	EXP 	fixation: autoDraw = False
209.6968 	EXP 	grating: autoDraw = False
209.6968 	EXP 	grating: ori = -3.0
209.6968 	EXP 	fixation: autoDraw = True
210.6968 	EXP 	fixation: autoDraw = False
210.6968 	EXP 	grating: autoDraw = True
210.9967 	EXP 	grating: autoDraw = False
211.4348 	EXP 	New trial (rep=93, index=0): None
211.4376 	DATA 	Keypress: down
211.4468 	EXP 	fixation: autoDraw = False
211.4468 	EXP 	grating: autoDraw = False
211.4468 	EXP 	grating: ori = 0.0
211.4468 	EXP 	fixation: autoDraw = True
212.4476 	EXP 	fixation: autoDraw = False
212.4476 	EXP 	grating: autoDraw = True
212.7634 	EXP 	grating: autoDraw = False
213.0850 	EXP 	New trial (rep=94, index=0): None
213.0878 	DATA 	Keypress: down
213.0970 	EXP 	fixation: autoDraw = False
213.0970 	EXP 	grating: autoDraw = False
213.0970 	EXP 	grating: ori = -1.0
213.0970 	EXP 	fixation: autoDraw = True
214.0969 	EXP 	fixation: autoDraw = False
214.0969 	EXP 	grating: autoDraw = True
214.3971 	EXP 	grating: autoDraw = False
214.7849 	EXP 	New trial (rep=95, index=0): None
214.7877 	DATA 	Keypress: down
214.7970 	EXP 	fixation: autoDraw = False
214.7970 	EXP 	grating: autoDraw = False
214.7970 	EXP 	grating: ori = 0.0
214.7970 	EXP 	fixation: autoDraw = True
215.7972 	EXP 	fixation: autoDraw = False
215.7972 	EXP 	grating: autoDraw = True
216.0969 	EXP 	grating: autoDraw = False
216.9022 	EXP 	New trial (rep=96, index=0): None
216.9049 	DATA 	Keypress: up
216.9135 	EXP 	fixation: autoDraw = False
216.9135 	EXP 	grating: autoDraw = False
216.9135 	EXP 	grating: ori = 0.0
216.9135 	EXP 	fixation: autoDraw = True
217.9136 	EXP 	fixation: autoDraw = False
217.9136 	EXP 	grating: autoDraw = True
218.2142 	EXP 	grating: autoDraw = False
219.0187 	EXP 	New trial (rep=97, index=0): None
219.0210 	DATA 	Keypress: up
219.0301 	EXP 	fixation: autoDraw = False
219.0301 	EXP 	grating: autoDraw = False
219.0301 	EXP 	grating: ori = -5.0
219.0301 	EXP 	fixation: autoDraw = True
220.0311 	EXP 	fixation: autoDraw = False
220.0311 	EXP 	grating: autoDraw = True
220.3465 	EXP 	grating: autoDraw = False
220.5679 	EXP 	New trial (rep=98, index=0): None
220.5706 	DATA 	Keypress: down
220.5805 	EXP 	fixation: autoDraw = False
220.5805 	EXP 	grating: autoDraw = False
220.5805 	EXP 	grating: ori = 0.0
220.5805 	EXP 	fixation: autoDraw = True
221.5811 	EXP 	fixation: autoDraw = False
221.5811 	EXP 	grating: autoDraw = True
221.8805 	EXP 	grating: autoDraw = False
222.4518 	EXP 	New trial (rep=99, index=0): None
222.4548 	DATA 	Keypress: up
222.4636 	EXP 	fixation: autoDraw = False
222.4636 	EXP 	grating: autoDraw = False
222.4636 	EXP 	grating: ori = 0.0
222.4636 	EXP 	fixation: autoDraw = True
223.4636 	EXP 	fixation: autoDraw = False
223.4636 	EXP 	grating: autoDraw = True
223.7641 	EXP 	grating: autoDraw = False
224.2848 	EXP 	New trial (rep=100, index=0): None
224.2875 	DATA 	Keypress: up
224.2969 	EXP 	fixation: autoDraw = False
224.2969 	EXP 	grating: autoDraw = False
224.2969 	EXP 	grating: ori = 0.0
224.2969 	EXP 	fixation: autoDraw = True
225.2979 	EXP 	fixation: autoDraw = False
225.2979 	EXP 	grating: autoDraw = True
225.5970 	EXP 	grating: autoDraw = False
225.9698 	DATA 	Keypress: up
225.9803 	EXP 	fixation: autoDraw = False
225.9803 	EXP 	grating: autoDraw = False
226.0246 	EXP 	window1: mouseVisible = True
